{"$message_type":"diagnostic","message":"cannot find derive macro `Deserialize` in this scope","code":null,"level":"error","spans":[{"file_name":"src/cv.rs","byte_start":175,"byte_end":186,"line_start":12,"line_end":12,"column_start":10,"column_end":21,"is_primary":true,"text":[{"text":"#[derive(Deserialize, Debug)]","highlight_start":10,"highlight_end":21}],"label":null,"suggested_replacement":null,"suggestion_applicability":null,"expansion":null}],"children":[{"message":"`Deserialize` is imported here, but it is only a trait, without a derive macro","code":null,"level":"note","spans":[{"file_name":"src/cv.rs","byte_start":116,"byte_end":134,"line_start":8,"line_end":8,"column_start":5,"column_end":23,"is_primary":true,"text":[{"text":"use serde::Deserialize;","highlight_start":5,"highlight_end":23}],"label":null,"suggested_replacement":null,"suggestion_applicability":null,"expansion":null}],"children":[],"rendered":null}],"rendered":"\u001b[1m\u001b[91merror\u001b[0m\u001b[1m: cannot find derive macro `Deserialize` in this scope\u001b[0m\n  \u001b[1m\u001b[94m--> \u001b[0msrc/cv.rs:12:10\n   \u001b[1m\u001b[94m|\u001b[0m\n\u001b[1m\u001b[94m12\u001b[0m \u001b[1m\u001b[94m|\u001b[0m #[derive(Deserialize, Debug)]\n   \u001b[1m\u001b[94m|\u001b[0m          \u001b[1m\u001b[91m^^^^^^^^^^^\u001b[0m\n   \u001b[1m\u001b[94m|\u001b[0m\n\u001b[1m\u001b[92mnote\u001b[0m: `Deserialize` is imported here, but it is only a trait, without a derive macro\n  \u001b[1m\u001b[94m--> \u001b[0msrc/cv.rs:8:5\n   \u001b[1m\u001b[94m|\u001b[0m\n \u001b[1m\u001b[94m8\u001b[0m \u001b[1m\u001b[94m|\u001b[0m use serde::Deserialize;\n   \u001b[1m\u001b[94m|\u001b[0m     \u001b[1m\u001b[92m^^^^^^^^^^^^^^^^^^\u001b[0m\n\n"}
{"$message_type":"diagnostic","message":"cannot find derive macro `Deserialize` in this scope","code":null,"level":"error","spans":[{"file_name":"src/cv.rs","byte_start":264,"byte_end":275,"line_start":18,"line_end":18,"column_start":10,"column_end":21,"is_primary":true,"text":[{"text":"#[derive(Deserialize, Debug)]","highlight_start":10,"highlight_end":21}],"label":null,"suggested_replacement":null,"suggestion_applicability":null,"expansion":null}],"children":[{"message":"`Deserialize` is imported here, but it is only a trait, without a derive macro","code":null,"level":"note","spans":[{"file_name":"src/cv.rs","byte_start":116,"byte_end":134,"line_start":8,"line_end":8,"column_start":5,"column_end":23,"is_primary":true,"text":[{"text":"use serde::Deserialize;","highlight_start":5,"highlight_end":23}],"label":null,"suggested_replacement":null,"suggestion_applicability":null,"expansion":null}],"children":[],"rendered":null}],"rendered":"\u001b[1m\u001b[91merror\u001b[0m\u001b[1m: cannot find derive macro `Deserialize` in this scope\u001b[0m\n  \u001b[1m\u001b[94m--> \u001b[0msrc/cv.rs:18:10\n   \u001b[1m\u001b[94m|\u001b[0m\n\u001b[1m\u001b[94m18\u001b[0m \u001b[1m\u001b[94m|\u001b[0m #[derive(Deserialize, Debug)]\n   \u001b[1m\u001b[94m|\u001b[0m          \u001b[1m\u001b[91m^^^^^^^^^^^\u001b[0m\n   \u001b[1m\u001b[94m|\u001b[0m\n\u001b[1m\u001b[92mnote\u001b[0m: `Deserialize` is imported here, but it is only a trait, without a derive macro\n  \u001b[1m\u001b[94m--> \u001b[0msrc/cv.rs:8:5\n   \u001b[1m\u001b[94m|\u001b[0m\n \u001b[1m\u001b[94m8\u001b[0m \u001b[1m\u001b[94m|\u001b[0m use serde::Deserialize;\n   \u001b[1m\u001b[94m|\u001b[0m     \u001b[1m\u001b[92m^^^^^^^^^^^^^^^^^^\u001b[0m\n\n"}
{"$message_type":"diagnostic","message":"cannot find type `Frame` in this scope","code":{"code":"E0425","explanation":"An unresolved name was used.\n\nErroneous code examples:\n\n```compile_fail,E0425\nsomething_that_doesnt_exist::foo;\n// error: unresolved name `something_that_doesnt_exist::foo`\n\n// or:\n\ntrait Foo {\n    fn bar() {\n        Self; // error: unresolved name `Self`\n    }\n}\n\n// or:\n\nlet x = unknown_variable;  // error: unresolved name `unknown_variable`\n```\n\nPlease verify that the name wasn't misspelled and ensure that the\nidentifier being referred to is valid for the given situation. Example:\n\n```\nenum something_that_does_exist {\n    Foo,\n}\n```\n\nOr:\n\n```\nmod something_that_does_exist {\n    pub static foo : i32 = 0i32;\n}\n\nsomething_that_does_exist::foo; // ok!\n```\n\nOr:\n\n```\nlet unknown_variable = 12u32;\nlet x = unknown_variable; // ok!\n```\n\nIf the item is not defined in the current module, it must be imported using a\n`use` statement, like so:\n\n```\n# mod foo { pub fn bar() {} }\n# fn main() {\nuse foo::bar;\nbar();\n# }\n```\n\nIf the item you are importing is not defined in some super-module of the\ncurrent module, then it must also be declared as public (e.g., `pub fn`).\n"},"level":"error","spans":[{"file_name":"src/cv.rs","byte_start":494,"byte_end":499,"line_start":31,"line_end":31,"column_start":19,"column_end":24,"is_primary":true,"text":[{"text":"fn cv(frame: &mut Frame) {","highlight_start":19,"highlight_end":24}],"label":"not found in this scope","suggested_replacement":null,"suggestion_applicability":null,"expansion":null}],"children":[{"message":"consider importing one of these structs","code":null,"level":"help","spans":[{"file_name":"src/cv.rs","byte_start":0,"byte_end":0,"line_start":1,"line_end":1,"column_start":1,"column_end":1,"is_primary":true,"text":[{"text":"use color_eyre::Result;","highlight_start":1,"highlight_end":1}],"label":null,"suggested_replacement":"use crate::Frame;\n","suggestion_applicability":"MaybeIncorrect","expansion":null},{"file_name":"src/cv.rs","byte_start":0,"byte_end":0,"line_start":1,"line_end":1,"column_start":1,"column_end":1,"is_primary":true,"text":[{"text":"use color_eyre::Result;","highlight_start":1,"highlight_end":1}],"label":null,"suggested_replacement":"use color_eyre::config::Frame;\n","suggestion_applicability":"MaybeIncorrect","expansion":null},{"file_name":"src/cv.rs","byte_start":0,"byte_end":0,"line_start":1,"line_end":1,"column_start":1,"column_end":1,"is_primary":true,"text":[{"text":"use color_eyre::Result;","highlight_start":1,"highlight_end":1}],"label":null,"suggested_replacement":"use ratatui::Frame;\n","suggestion_applicability":"MaybeIncorrect","expansion":null}],"children":[],"rendered":null}],"rendered":"\u001b[1m\u001b[91merror[E0425]\u001b[0m\u001b[1m: cannot find type `Frame` in this scope\u001b[0m\n  \u001b[1m\u001b[94m--> \u001b[0msrc/cv.rs:31:19\n   \u001b[1m\u001b[94m|\u001b[0m\n\u001b[1m\u001b[94m31\u001b[0m \u001b[1m\u001b[94m|\u001b[0m fn cv(frame: &mut Frame) {\n   \u001b[1m\u001b[94m|\u001b[0m                   \u001b[1m\u001b[91m^^^^^\u001b[0m \u001b[1m\u001b[91mnot found in this scope\u001b[0m\n   \u001b[1m\u001b[94m|\u001b[0m\n\u001b[1m\u001b[96mhelp\u001b[0m: consider importing one of these structs\n   \u001b[1m\u001b[94m|\u001b[0m\n \u001b[1m\u001b[94m1\u001b[0m \u001b[92m+ use crate::Frame;\u001b[0m\n   \u001b[1m\u001b[94m|\u001b[0m\n \u001b[1m\u001b[94m1\u001b[0m \u001b[92m+ use color_eyre::config::Frame;\u001b[0m\n   \u001b[1m\u001b[94m|\u001b[0m\n \u001b[1m\u001b[94m1\u001b[0m \u001b[92m+ use ratatui::Frame;\u001b[0m\n   \u001b[1m\u001b[94m|\u001b[0m\n\n"}
{"$message_type":"diagnostic","message":"expected function, found module `cv`","code":{"code":"E0423","explanation":"An identifier was used like a function name or a value was expected and the\nidentifier exists but it belongs to a different namespace.\n\nErroneous code example:\n\n```compile_fail,E0423\nstruct Foo { a: bool };\n\nlet f = Foo();\n// error: expected function, tuple struct or tuple variant, found `Foo`\n// `Foo` is a struct name, but this expression uses it like a function name\n```\n\nPlease verify you didn't misspell the name of what you actually wanted to use\nhere. Example:\n\n```\nfn Foo() -> u32 { 0 }\n\nlet f = Foo(); // ok!\n```\n\nIt is common to forget the trailing `!` on macro invocations, which would also\nyield this error:\n\n```compile_fail,E0423\nprintln(\"\");\n// error: expected function, tuple struct or tuple variant,\n// found macro `println`\n// did you mean `println!(...)`? (notice the trailing `!`)\n```\n\nAnother case where this error is emitted is when a value is expected, but\nsomething else is found:\n\n```compile_fail,E0423\npub mod a {\n    pub const I: i32 = 1;\n}\n\nfn h1() -> i32 {\n    a.I\n    //~^ ERROR expected value, found module `a`\n    // did you mean `a::I`?\n}\n```\n"},"level":"error","spans":[{"file_name":"src/main.rs","byte_start":730,"byte_end":732,"line_start":35,"line_end":35,"column_start":5,"column_end":7,"is_primary":true,"text":[{"text":"    cv(frame);","highlight_start":5,"highlight_end":7}],"label":"not a function","suggested_replacement":null,"suggestion_applicability":null,"expansion":null}],"children":[{"message":"function `crate::cv::cv` exists but is inaccessible","code":null,"level":"note","spans":[{"file_name":"src/cv.rs","byte_start":476,"byte_end":500,"line_start":31,"line_end":31,"column_start":1,"column_end":25,"is_primary":true,"text":[{"text":"fn cv(frame: &mut Frame) {","highlight_start":1,"highlight_end":25}],"label":"not accessible","suggested_replacement":null,"suggestion_applicability":null,"expansion":null}],"children":[],"rendered":null}],"rendered":"\u001b[1m\u001b[91merror[E0423]\u001b[0m\u001b[1m: expected function, found module `cv`\u001b[0m\n  \u001b[1m\u001b[94m--> \u001b[0msrc/main.rs:35:5\n   \u001b[1m\u001b[94m|\u001b[0m\n\u001b[1m\u001b[94m35\u001b[0m \u001b[1m\u001b[94m|\u001b[0m     cv(frame);\n   \u001b[1m\u001b[94m|\u001b[0m     \u001b[1m\u001b[91m^^\u001b[0m \u001b[1m\u001b[91mnot a function\u001b[0m\n   \u001b[1m\u001b[94m|\u001b[0m\n\u001b[1m\u001b[92mnote\u001b[0m: function `crate::cv::cv` exists but is inaccessible\n  \u001b[1m\u001b[94m--> \u001b[0msrc/cv.rs:31:1\n   \u001b[1m\u001b[94m|\u001b[0m\n\u001b[1m\u001b[94m31\u001b[0m \u001b[1m\u001b[94m|\u001b[0m fn cv(frame: &mut Frame) {\n   \u001b[1m\u001b[94m|\u001b[0m \u001b[1m\u001b[92m^^^^^^^^^^^^^^^^^^^^^^^^\u001b[0m \u001b[1m\u001b[92mnot accessible\u001b[0m\n\n"}
{"$message_type":"diagnostic","message":"unused imports: `layout::*`, `style::*`, and `widgets::*`","code":{"code":"unused_imports","explanation":null},"level":"warning","spans":[{"file_name":"src/main.rs","byte_start":80,"byte_end":89,"line_start":4,"line_end":4,"column_start":5,"column_end":14,"is_primary":true,"text":[{"text":"    layout::*,","highlight_start":5,"highlight_end":14}],"label":null,"suggested_replacement":null,"suggestion_applicability":null,"expansion":null},{"file_name":"src/main.rs","byte_start":111,"byte_end":119,"line_start":6,"line_end":6,"column_start":5,"column_end":13,"is_primary":true,"text":[{"text":"    style::*,","highlight_start":5,"highlight_end":13}],"label":null,"suggested_replacement":null,"suggestion_applicability":null,"expansion":null},{"file_name":"src/main.rs","byte_start":125,"byte_end":135,"line_start":7,"line_end":7,"column_start":5,"column_end":15,"is_primary":true,"text":[{"text":"    widgets::*,","highlight_start":5,"highlight_end":15}],"label":null,"suggested_replacement":null,"suggestion_applicability":null,"expansion":null}],"children":[{"message":"`#[warn(unused_imports)]` (part of `#[warn(unused)]`) on by default","code":null,"level":"note","spans":[],"children":[],"rendered":null},{"message":"remove the unused imports","code":null,"level":"help","spans":[{"file_name":"src/main.rs","byte_start":80,"byte_end":95,"line_start":4,"line_end":5,"column_start":5,"column_end":5,"is_primary":true,"text":[{"text":"    layout::*,","highlight_start":5,"highlight_end":15},{"text":"    prelude::*,","highlight_start":1,"highlight_end":5}],"label":null,"suggested_replacement":"","suggestion_applicability":"MachineApplicable","expansion":null},{"file_name":"src/main.rs","byte_start":105,"byte_end":135,"line_start":5,"line_end":7,"column_start":15,"column_end":15,"is_primary":true,"text":[{"text":"    prelude::*,","highlight_start":15,"highlight_end":16},{"text":"    style::*,","highlight_start":1,"highlight_end":14},{"text":"    widgets::*,","highlight_start":1,"highlight_end":15}],"label":null,"suggested_replacement":"","suggestion_applicability":"MachineApplicable","expansion":null}],"children":[],"rendered":null}],"rendered":"\u001b[1m\u001b[33mwarning\u001b[0m\u001b[1m: unused imports: `layout::*`, `style::*`, and `widgets::*`\u001b[0m\n \u001b[1m\u001b[94m--> \u001b[0msrc/main.rs:4:5\n  \u001b[1m\u001b[94m|\u001b[0m\n\u001b[1m\u001b[94m4\u001b[0m \u001b[1m\u001b[94m|\u001b[0m     layout::*,\n  \u001b[1m\u001b[94m|\u001b[0m     \u001b[1m\u001b[33m^^^^^^^^^\u001b[0m\n\u001b[1m\u001b[94m5\u001b[0m \u001b[1m\u001b[94m|\u001b[0m     prelude::*,\n\u001b[1m\u001b[94m6\u001b[0m \u001b[1m\u001b[94m|\u001b[0m     style::*,\n  \u001b[1m\u001b[94m|\u001b[0m     \u001b[1m\u001b[33m^^^^^^^^\u001b[0m\n\u001b[1m\u001b[94m7\u001b[0m \u001b[1m\u001b[94m|\u001b[0m     widgets::*,\n  \u001b[1m\u001b[94m|\u001b[0m     \u001b[1m\u001b[33m^^^^^^^^^^\u001b[0m\n  \u001b[1m\u001b[94m|\u001b[0m\n  \u001b[1m\u001b[94m= \u001b[0m\u001b[1mnote\u001b[0m: `#[warn(unused_imports)]` (part of `#[warn(unused)]`) on by default\n\n"}
{"$message_type":"diagnostic","message":"the trait bound `Data: serde::Deserialize<'de>` is not satisfied","code":{"code":"E0277","explanation":"You tried to use a type which doesn't implement some trait in a place which\nexpected that trait.\n\nErroneous code example:\n\n```compile_fail,E0277\n// here we declare the Foo trait with a bar method\ntrait Foo {\n    fn bar(&self);\n}\n\n// we now declare a function which takes an object implementing the Foo trait\nfn some_func<T: Foo>(foo: T) {\n    foo.bar();\n}\n\nfn main() {\n    // we now call the method with the i32 type, which doesn't implement\n    // the Foo trait\n    some_func(5i32); // error: the trait bound `i32 : Foo` is not satisfied\n}\n```\n\nIn order to fix this error, verify that the type you're using does implement\nthe trait. Example:\n\n```\ntrait Foo {\n    fn bar(&self);\n}\n\n// we implement the trait on the i32 type\nimpl Foo for i32 {\n    fn bar(&self) {}\n}\n\nfn some_func<T: Foo>(foo: T) {\n    foo.bar(); // we can now use this method since i32 implements the\n               // Foo trait\n}\n\nfn main() {\n    some_func(5i32); // ok!\n}\n```\n\nOr in a generic context, an erroneous code example would look like:\n\n```compile_fail,E0277\nfn some_func<T>(foo: T) {\n    println!(\"{:?}\", foo); // error: the trait `core::fmt::Debug` is not\n                           //        implemented for the type `T`\n}\n\nfn main() {\n    // We now call the method with the i32 type,\n    // which *does* implement the Debug trait.\n    some_func(5i32);\n}\n```\n\nNote that the error here is in the definition of the generic function. Although\nwe only call it with a parameter that does implement `Debug`, the compiler\nstill rejects the function. It must work with all possible input types. In\norder to make this example compile, we need to restrict the generic type we're\naccepting:\n\n```\nuse std::fmt;\n\n// Restrict the input type to types that implement Debug.\nfn some_func<T: fmt::Debug>(foo: T) {\n    println!(\"{:?}\", foo);\n}\n\nfn main() {\n    // Calling the method is still fine, as i32 implements Debug.\n    some_func(5i32);\n\n    // This would fail to compile now:\n    // struct WithoutDebug;\n    // some_func(WithoutDebug);\n}\n```\n\nRust only looks at the signature of the called function, as such it must\nalready specify all requirements that will be used for every type parameter.\n"},"level":"error","spans":[{"file_name":"src/cv.rs","byte_start":420,"byte_end":446,"line_start":25,"line_end":25,"column_start":26,"column_end":52,"is_primary":true,"text":[{"text":"        let data: Data = serde_yaml::from_str(path)?;","highlight_start":26,"highlight_end":52}],"label":"unsatisfied trait bound","suggested_replacement":null,"suggestion_applicability":null,"expansion":null}],"children":[{"message":"the trait `Deserialize<'_>` is not implemented for `Data`","code":null,"level":"help","spans":[{"file_name":"src/cv.rs","byte_start":196,"byte_end":207,"line_start":13,"line_end":13,"column_start":1,"column_end":12,"is_primary":true,"text":[{"text":"struct Data {","highlight_start":1,"highlight_end":12}],"label":null,"suggested_replacement":null,"suggestion_applicability":null,"expansion":null}],"children":[],"rendered":null},{"message":"for local types consider adding `#[derive(serde::Deserialize)]` to your `Data` type","code":null,"level":"note","spans":[],"children":[],"rendered":null},{"message":"for types from other crates check whether the crate offers a `serde` feature flag","code":null,"level":"note","spans":[],"children":[],"rendered":null},{"message":"the following other types implement trait `Deserialize<'de>`:\n  &'a Path\n  &'a [u8]\n  &'a str\n  ()\n  (T,)\n  (T0, T1)\n  (T0, T1, T2)\n  (T0, T1, T2, T3)\nand 142 others","code":null,"level":"help","spans":[],"children":[],"rendered":null},{"message":"required by a bound in `serde_yaml::from_str`","code":null,"level":"note","spans":[{"file_name":"/home/james/.cargo/registry/src/index.crates.io-1949cf8c6b5b557f/serde_yaml-0.9.34+deprecated/src/de.rs","byte_start":56576,"byte_end":56584,"line_start":1808,"line_end":1808,"column_start":8,"column_end":16,"is_primary":false,"text":[{"text":"pub fn from_str<'de, T>(s: &'de str) -> Result<T>","highlight_start":8,"highlight_end":16}],"label":"required by a bound in this function","suggested_replacement":null,"suggestion_applicability":null,"expansion":null},{"file_name":"/home/james/.cargo/registry/src/index.crates.io-1949cf8c6b5b557f/serde_yaml-0.9.34+deprecated/src/de.rs","byte_start":56632,"byte_end":56648,"line_start":1810,"line_end":1810,"column_start":8,"column_end":24,"is_primary":true,"text":[{"text":"    T: Deserialize<'de>,","highlight_start":8,"highlight_end":24}],"label":"required by this bound in `from_str`","suggested_replacement":null,"suggestion_applicability":null,"expansion":null}],"children":[],"rendered":null}],"rendered":"\u001b[1m\u001b[91merror[E0277]\u001b[0m\u001b[1m: the trait bound `Data: serde::Deserialize<'de>` is not satisfied\u001b[0m\n    \u001b[1m\u001b[94m--> \u001b[0msrc/cv.rs:25:26\n     \u001b[1m\u001b[94m|\u001b[0m\n  \u001b[1m\u001b[94m25\u001b[0m \u001b[1m\u001b[94m|\u001b[0m         let data: Data = serde_yaml::from_str(path)?;\n     \u001b[1m\u001b[94m|\u001b[0m                          \u001b[1m\u001b[91m^^^^^^^^^^^^^^^^^^^^^^^^^^\u001b[0m \u001b[1m\u001b[91munsatisfied trait bound\u001b[0m\n     \u001b[1m\u001b[94m|\u001b[0m\n\u001b[1m\u001b[96mhelp\u001b[0m: the trait `Deserialize<'_>` is not implemented for `Data`\n    \u001b[1m\u001b[94m--> \u001b[0msrc/cv.rs:13:1\n     \u001b[1m\u001b[94m|\u001b[0m\n  \u001b[1m\u001b[94m13\u001b[0m \u001b[1m\u001b[94m|\u001b[0m struct Data {\n     \u001b[1m\u001b[94m|\u001b[0m \u001b[1m\u001b[96m^^^^^^^^^^^\u001b[0m\n     \u001b[1m\u001b[94m= \u001b[0m\u001b[1mnote\u001b[0m: for local types consider adding `#[derive(serde::Deserialize)]` to your `Data` type\n     \u001b[1m\u001b[94m= \u001b[0m\u001b[1mnote\u001b[0m: for types from other crates check whether the crate offers a `serde` feature flag\n     \u001b[1m\u001b[94m= \u001b[0m\u001b[1mhelp\u001b[0m: the following other types implement trait `Deserialize<'de>`:\n               &'a Path\n               &'a [u8]\n               &'a str\n               ()\n               (T,)\n               (T0, T1)\n               (T0, T1, T2)\n               (T0, T1, T2, T3)\n             and 142 others\n\u001b[1m\u001b[92mnote\u001b[0m: required by a bound in `serde_yaml::from_str`\n    \u001b[1m\u001b[94m--> \u001b[0m/home/james/.cargo/registry/src/index.crates.io-1949cf8c6b5b557f/serde_yaml-0.9.34+deprecated/src/de.rs:1810:8\n     \u001b[1m\u001b[94m|\u001b[0m\n\u001b[1m\u001b[94m1808\u001b[0m \u001b[1m\u001b[94m|\u001b[0m pub fn from_str<'de, T>(s: &'de str) -> Result<T>\n     \u001b[1m\u001b[94m|\u001b[0m        \u001b[1m\u001b[94m--------\u001b[0m \u001b[1m\u001b[94mrequired by a bound in this function\u001b[0m\n\u001b[1m\u001b[94m1809\u001b[0m \u001b[1m\u001b[94m|\u001b[0m where\n\u001b[1m\u001b[94m1810\u001b[0m \u001b[1m\u001b[94m|\u001b[0m     T: Deserialize<'de>,\n     \u001b[1m\u001b[94m|\u001b[0m        \u001b[1m\u001b[92m^^^^^^^^^^^^^^^^\u001b[0m \u001b[1m\u001b[92mrequired by this bound in `from_str`\u001b[0m\n\n"}
{"$message_type":"diagnostic","message":"failed to resolve: use of undeclared type `Constraints`","code":{"code":"E0433","explanation":"An undeclared crate, module, or type was used.\n\nErroneous code example:\n\n```compile_fail,E0433\nlet map = HashMap::new();\n// error: failed to resolve: use of undeclared type `HashMap`\n```\n\nPlease verify you didn't misspell the type/module's name or that you didn't\nforget to import it:\n\n```\nuse std::collections::HashMap; // HashMap has been imported.\nlet map: HashMap<u32, u32> = HashMap::new(); // So it can be used!\n```\n\nIf you've expected to use a crate name:\n\n```compile_fail\nuse ferris_wheel::BigO;\n// error: failed to resolve: use of undeclared module or unlinked crate\n```\n\nMake sure the crate has been added as a dependency in `Cargo.toml`.\n\nTo use a module from your current crate, add the `crate::` prefix to the path.\n"},"level":"error","spans":[{"file_name":"src/cv.rs","byte_start":601,"byte_end":612,"line_start":34,"line_end":34,"column_start":23,"column_end":34,"is_primary":true,"text":[{"text":"        .constraints([Constraints::Fill(1), Constraints::Fill(1)])","highlight_start":23,"highlight_end":34}],"label":"use of undeclared type `Constraints`","suggested_replacement":null,"suggestion_applicability":null,"expansion":null}],"children":[{"message":"an enum with a similar name exists","code":null,"level":"help","spans":[{"file_name":"src/cv.rs","byte_start":601,"byte_end":612,"line_start":34,"line_end":34,"column_start":23,"column_end":34,"is_primary":true,"text":[{"text":"        .constraints([Constraints::Fill(1), Constraints::Fill(1)])","highlight_start":23,"highlight_end":34}],"label":null,"suggested_replacement":"Constraint","suggestion_applicability":"MaybeIncorrect","expansion":null}],"children":[],"rendered":null}],"rendered":"\u001b[1m\u001b[91merror[E0433]\u001b[0m\u001b[1m: failed to resolve: use of undeclared type `Constraints`\u001b[0m\n  \u001b[1m\u001b[94m--> \u001b[0msrc/cv.rs:34:23\n   \u001b[1m\u001b[94m|\u001b[0m\n\u001b[1m\u001b[94m34\u001b[0m \u001b[1m\u001b[94m|\u001b[0m         .constraints([Constraints::Fill(1), Constraints::Fill(1)])\n   \u001b[1m\u001b[94m|\u001b[0m                       \u001b[1m\u001b[91m^^^^^^^^^^^\u001b[0m\n   \u001b[1m\u001b[94m|\u001b[0m                       \u001b[1m\u001b[91m|\u001b[0m\n   \u001b[1m\u001b[94m|\u001b[0m                       \u001b[1m\u001b[91muse of undeclared type `Constraints`\u001b[0m\n   \u001b[1m\u001b[94m|\u001b[0m                       \u001b[1m\u001b[91mhelp: an enum with a similar name exists: `Constraint`\u001b[0m\n\n"}
{"$message_type":"diagnostic","message":"failed to resolve: use of undeclared type `Constraints`","code":{"code":"E0433","explanation":"An undeclared crate, module, or type was used.\n\nErroneous code example:\n\n```compile_fail,E0433\nlet map = HashMap::new();\n// error: failed to resolve: use of undeclared type `HashMap`\n```\n\nPlease verify you didn't misspell the type/module's name or that you didn't\nforget to import it:\n\n```\nuse std::collections::HashMap; // HashMap has been imported.\nlet map: HashMap<u32, u32> = HashMap::new(); // So it can be used!\n```\n\nIf you've expected to use a crate name:\n\n```compile_fail\nuse ferris_wheel::BigO;\n// error: failed to resolve: use of undeclared module or unlinked crate\n```\n\nMake sure the crate has been added as a dependency in `Cargo.toml`.\n\nTo use a module from your current crate, add the `crate::` prefix to the path.\n"},"level":"error","spans":[{"file_name":"src/cv.rs","byte_start":623,"byte_end":634,"line_start":34,"line_end":34,"column_start":45,"column_end":56,"is_primary":true,"text":[{"text":"        .constraints([Constraints::Fill(1), Constraints::Fill(1)])","highlight_start":45,"highlight_end":56}],"label":"use of undeclared type `Constraints`","suggested_replacement":null,"suggestion_applicability":null,"expansion":null}],"children":[{"message":"an enum with a similar name exists","code":null,"level":"help","spans":[{"file_name":"src/cv.rs","byte_start":623,"byte_end":634,"line_start":34,"line_end":34,"column_start":45,"column_end":56,"is_primary":true,"text":[{"text":"        .constraints([Constraints::Fill(1), Constraints::Fill(1)])","highlight_start":45,"highlight_end":56}],"label":null,"suggested_replacement":"Constraint","suggestion_applicability":"MaybeIncorrect","expansion":null}],"children":[],"rendered":null}],"rendered":"\u001b[1m\u001b[91merror[E0433]\u001b[0m\u001b[1m: failed to resolve: use of undeclared type `Constraints`\u001b[0m\n  \u001b[1m\u001b[94m--> \u001b[0msrc/cv.rs:34:45\n   \u001b[1m\u001b[94m|\u001b[0m\n\u001b[1m\u001b[94m34\u001b[0m \u001b[1m\u001b[94m|\u001b[0m         .constraints([Constraints::Fill(1), Constraints::Fill(1)])\n   \u001b[1m\u001b[94m|\u001b[0m                                             \u001b[1m\u001b[91m^^^^^^^^^^^\u001b[0m\n   \u001b[1m\u001b[94m|\u001b[0m                                             \u001b[1m\u001b[91m|\u001b[0m\n   \u001b[1m\u001b[94m|\u001b[0m                                             \u001b[1m\u001b[91muse of undeclared type `Constraints`\u001b[0m\n   \u001b[1m\u001b[94m|\u001b[0m                                             \u001b[1m\u001b[91mhelp: an enum with a similar name exists: `Constraint`\u001b[0m\n\n"}
{"$message_type":"diagnostic","message":"unused import: `prelude`","code":{"code":"unused_imports","explanation":null},"level":"warning","spans":[{"file_name":"src/main.rs","byte_start":95,"byte_end":102,"line_start":5,"line_end":5,"column_start":5,"column_end":12,"is_primary":true,"text":[{"text":"    prelude::*,","highlight_start":5,"highlight_end":12}],"label":null,"suggested_replacement":null,"suggestion_applicability":null,"expansion":null}],"children":[],"rendered":"\u001b[1m\u001b[33mwarning\u001b[0m\u001b[1m: unused import: `prelude`\u001b[0m\n \u001b[1m\u001b[94m--> \u001b[0msrc/main.rs:5:5\n  \u001b[1m\u001b[94m|\u001b[0m\n\u001b[1m\u001b[94m5\u001b[0m \u001b[1m\u001b[94m|\u001b[0m     prelude::*,\n  \u001b[1m\u001b[94m|\u001b[0m     \u001b[1m\u001b[33m^^^^^^^\u001b[0m\n\n"}
{"$message_type":"diagnostic","message":"aborting due to 7 previous errors; 2 warnings emitted","code":null,"level":"error","spans":[],"children":[],"rendered":"\u001b[1m\u001b[91merror\u001b[0m\u001b[1m: aborting due to 7 previous errors; 2 warnings emitted\u001b[0m\n\n"}
{"$message_type":"diagnostic","message":"Some errors have detailed explanations: E0277, E0423, E0425, E0433.","code":null,"level":"failure-note","spans":[],"children":[],"rendered":"\u001b[1mSome errors have detailed explanations: E0277, E0423, E0425, E0433.\u001b[0m\n"}
{"$message_type":"diagnostic","message":"For more information about an error, try `rustc --explain E0277`.","code":null,"level":"failure-note","spans":[],"children":[],"rendered":"\u001b[1mFor more information about an error, try `rustc --explain E0277`.\u001b[0m\n"}
