{"$message_type":"diagnostic","message":"expected `;`, found `}`","code":null,"level":"error","spans":[{"file_name":"src/cv.rs","byte_start":440,"byte_end":441,"line_start":25,"line_end":25,"column_start":5,"column_end":6,"is_primary":false,"text":[{"text":"    }","highlight_start":5,"highlight_end":6}],"label":"unexpected token","suggested_replacement":null,"suggestion_applicability":null,"expansion":null},{"file_name":"src/cv.rs","byte_start":435,"byte_end":435,"line_start":24,"line_end":24,"column_start":47,"column_end":47,"is_primary":true,"text":[{"text":"        let data: Data = serde::from_str(path)","highlight_start":47,"highlight_end":47}],"label":null,"suggested_replacement":null,"suggestion_applicability":null,"expansion":null}],"children":[{"message":"add `;` here","code":null,"level":"help","spans":[{"file_name":"src/cv.rs","byte_start":435,"byte_end":435,"line_start":24,"line_end":24,"column_start":47,"column_end":47,"is_primary":true,"text":[{"text":"        let data: Data = serde::from_str(path)","highlight_start":47,"highlight_end":47}],"label":null,"suggested_replacement":";","suggestion_applicability":"MachineApplicable","expansion":null}],"children":[],"rendered":null}],"rendered":"\u001b[1m\u001b[91merror\u001b[0m\u001b[1m: expected `;`, found `}`\u001b[0m\n  \u001b[1m\u001b[94m--> \u001b[0msrc/cv.rs:24:47\n   \u001b[1m\u001b[94m|\u001b[0m\n\u001b[1m\u001b[94m24\u001b[0m \u001b[1m\u001b[94m|\u001b[0m         let data: Data = serde::from_str(path)\n   \u001b[1m\u001b[94m|\u001b[0m                                               \u001b[1m\u001b[91m^\u001b[0m \u001b[1m\u001b[91mhelp: add `;` here\u001b[0m\n\u001b[1m\u001b[94m25\u001b[0m \u001b[1m\u001b[94m|\u001b[0m     }\n   \u001b[1m\u001b[94m|\u001b[0m     \u001b[1m\u001b[94m-\u001b[0m \u001b[1m\u001b[94munexpected token\u001b[0m\n\n"}
{"$message_type":"diagnostic","message":"unresolved import `serde_yaml::Deserialize`","code":{"code":"E0432","explanation":"An import was unresolved.\n\nErroneous code example:\n\n```compile_fail,E0432\nuse something::Foo; // error: unresolved import `something::Foo`.\n```\n\nIn Rust 2015, paths in `use` statements are relative to the crate root. To\nimport items relative to the current and parent modules, use the `self::` and\n`super::` prefixes, respectively.\n\nIn Rust 2018 or later, paths in `use` statements are relative to the current\nmodule unless they begin with the name of a crate or a literal `crate::`, in\nwhich case they start from the crate root. As in Rust 2015 code, the `self::`\nand `super::` prefixes refer to the current and parent modules respectively.\n\nAlso verify that you didn't misspell the import name and that the import exists\nin the module from where you tried to import it. Example:\n\n```\nuse self::something::Foo; // Ok.\n\nmod something {\n    pub struct Foo;\n}\n# fn main() {}\n```\n\nIf you tried to use a module from an external crate and are using Rust 2015,\nyou may have missed the `extern crate` declaration (which is usually placed in\nthe crate root):\n\n```edition2015\nextern crate core; // Required to use the `core` crate in Rust 2015.\n\nuse core::any;\n# fn main() {}\n```\n\nSince Rust 2018 the `extern crate` declaration is not required and\nyou can instead just `use` it:\n\n```edition2018\nuse core::any; // No extern crate required in Rust 2018.\n# fn main() {}\n```\n"},"level":"error","spans":[{"file_name":"src/cv.rs","byte_start":116,"byte_end":139,"line_start":8,"line_end":8,"column_start":5,"column_end":28,"is_primary":true,"text":[{"text":"use serde_yaml::Deserialize;","highlight_start":5,"highlight_end":28}],"label":"no `Deserialize` in the root","suggested_replacement":null,"suggestion_applicability":null,"expansion":null}],"children":[{"message":"a similar name exists in the module","code":null,"level":"help","spans":[{"file_name":"src/cv.rs","byte_start":128,"byte_end":139,"line_start":8,"line_end":8,"column_start":17,"column_end":28,"is_primary":true,"text":[{"text":"use serde_yaml::Deserialize;","highlight_start":17,"highlight_end":28}],"label":null,"suggested_replacement":"Deserializer","suggestion_applicability":"MaybeIncorrect","expansion":null}],"children":[],"rendered":null}],"rendered":"\u001b[1m\u001b[91merror[E0432]\u001b[0m\u001b[1m: unresolved import `serde_yaml::Deserialize`\u001b[0m\n \u001b[1m\u001b[94m--> \u001b[0msrc/cv.rs:8:5\n  \u001b[1m\u001b[94m|\u001b[0m\n\u001b[1m\u001b[94m8\u001b[0m \u001b[1m\u001b[94m|\u001b[0m use serde_yaml::Deserialize;\n  \u001b[1m\u001b[94m|\u001b[0m     \u001b[1m\u001b[91m^^^^^^^^^^^^\u001b[0m\u001b[1m\u001b[94m-----------\u001b[0m\n  \u001b[1m\u001b[94m|\u001b[0m     \u001b[1m\u001b[91m|\u001b[0m           \u001b[1m\u001b[94m|\u001b[0m\n  \u001b[1m\u001b[94m|\u001b[0m     \u001b[1m\u001b[91m|\u001b[0m           \u001b[1m\u001b[94mhelp: a similar name exists in the module: `Deserializer`\u001b[0m\n  \u001b[1m\u001b[94m|\u001b[0m     \u001b[1m\u001b[91mno `Deserialize` in the root\u001b[0m\n\n"}
{"$message_type":"diagnostic","message":"cannot find function `read_file` in module `fs`","code":{"code":"E0425","explanation":"An unresolved name was used.\n\nErroneous code examples:\n\n```compile_fail,E0425\nsomething_that_doesnt_exist::foo;\n// error: unresolved name `something_that_doesnt_exist::foo`\n\n// or:\n\ntrait Foo {\n    fn bar() {\n        Self; // error: unresolved name `Self`\n    }\n}\n\n// or:\n\nlet x = unknown_variable;  // error: unresolved name `unknown_variable`\n```\n\nPlease verify that the name wasn't misspelled and ensure that the\nidentifier being referred to is valid for the given situation. Example:\n\n```\nenum something_that_does_exist {\n    Foo,\n}\n```\n\nOr:\n\n```\nmod something_that_does_exist {\n    pub static foo : i32 = 0i32;\n}\n\nsomething_that_does_exist::foo; // ok!\n```\n\nOr:\n\n```\nlet unknown_variable = 12u32;\nlet x = unknown_variable; // ok!\n```\n\nIf the item is not defined in the current module, it must be imported using a\n`use` statement, like so:\n\n```\n# mod foo { pub fn bar() {} }\n# fn main() {\nuse foo::bar;\nbar();\n# }\n```\n\nIf the item you are importing is not defined in some super-module of the\ncurrent module, then it must also be declared as public (e.g., `pub fn`).\n"},"level":"error","spans":[{"file_name":"/usr/src/debug/rust/rustc-1.93.0-src/library/std/src/fs.rs","byte_start":111898,"byte_end":111961,"line_start":3193,"line_end":3193,"column_start":1,"column_end":64,"is_primary":false,"text":[],"label":"similarly named function `read_dir` defined here","suggested_replacement":null,"suggestion_applicability":null,"expansion":null},{"file_name":"src/cv.rs","byte_start":370,"byte_end":379,"line_start":22,"line_end":22,"column_start":24,"column_end":33,"is_primary":true,"text":[{"text":"        let file = fs::read_file(path)?;","highlight_start":24,"highlight_end":33}],"label":null,"suggested_replacement":null,"suggestion_applicability":null,"expansion":null}],"children":[{"message":"a function with a similar name exists","code":null,"level":"help","spans":[{"file_name":"src/cv.rs","byte_start":370,"byte_end":379,"line_start":22,"line_end":22,"column_start":24,"column_end":33,"is_primary":true,"text":[{"text":"        let file = fs::read_file(path)?;","highlight_start":24,"highlight_end":33}],"label":null,"suggested_replacement":"read_dir","suggestion_applicability":"MaybeIncorrect","expansion":null}],"children":[],"rendered":null}],"rendered":"\u001b[1m\u001b[91merror[E0425]\u001b[0m\u001b[1m: cannot find function `read_file` in module `fs`\u001b[0m\n  \u001b[1m\u001b[94m--> \u001b[0msrc/cv.rs:22:24\n   \u001b[1m\u001b[94m|\u001b[0m\n\u001b[1m\u001b[94m22\u001b[0m \u001b[1m\u001b[94m|\u001b[0m         let file = fs::read_file(path)?;\n   \u001b[1m\u001b[94m|\u001b[0m                        \u001b[1m\u001b[91m^^^^^^^^^\u001b[0m \u001b[1m\u001b[91mhelp: a function with a similar name exists: `read_dir`\u001b[0m\n   \u001b[1m\u001b[94m|\u001b[0m\n  \u001b[1m\u001b[94m--> \u001b[0m/usr/src/debug/rust/rustc-1.93.0-src/library/std/src/fs.rs:3193:1\n   \u001b[1m\u001b[94m|\u001b[0m\n   \u001b[1m\u001b[94m= \u001b[0m\u001b[1mnote\u001b[0m: \u001b[1m\u001b[94msimilarly named function `read_dir` defined here\u001b[0m\n\n"}
{"$message_type":"diagnostic","message":"cannot find type `Frame` in this scope","code":{"code":"E0425","explanation":"An unresolved name was used.\n\nErroneous code examples:\n\n```compile_fail,E0425\nsomething_that_doesnt_exist::foo;\n// error: unresolved name `something_that_doesnt_exist::foo`\n\n// or:\n\ntrait Foo {\n    fn bar() {\n        Self; // error: unresolved name `Self`\n    }\n}\n\n// or:\n\nlet x = unknown_variable;  // error: unresolved name `unknown_variable`\n```\n\nPlease verify that the name wasn't misspelled and ensure that the\nidentifier being referred to is valid for the given situation. Example:\n\n```\nenum something_that_does_exist {\n    Foo,\n}\n```\n\nOr:\n\n```\nmod something_that_does_exist {\n    pub static foo : i32 = 0i32;\n}\n\nsomething_that_does_exist::foo; // ok!\n```\n\nOr:\n\n```\nlet unknown_variable = 12u32;\nlet x = unknown_variable; // ok!\n```\n\nIf the item is not defined in the current module, it must be imported using a\n`use` statement, like so:\n\n```\n# mod foo { pub fn bar() {} }\n# fn main() {\nuse foo::bar;\nbar();\n# }\n```\n\nIf the item you are importing is not defined in some super-module of the\ncurrent module, then it must also be declared as public (e.g., `pub fn`).\n"},"level":"error","spans":[{"file_name":"src/cv.rs","byte_start":463,"byte_end":468,"line_start":28,"line_end":28,"column_start":19,"column_end":24,"is_primary":true,"text":[{"text":"fn cv(frame: &mut Frame) {","highlight_start":19,"highlight_end":24}],"label":"not found in this scope","suggested_replacement":null,"suggestion_applicability":null,"expansion":null}],"children":[{"message":"consider importing one of these structs","code":null,"level":"help","spans":[{"file_name":"src/cv.rs","byte_start":0,"byte_end":0,"line_start":1,"line_end":1,"column_start":1,"column_end":1,"is_primary":true,"text":[{"text":"use color_eyre::Result;","highlight_start":1,"highlight_end":1}],"label":null,"suggested_replacement":"use crate::Frame;\n","suggestion_applicability":"MaybeIncorrect","expansion":null},{"file_name":"src/cv.rs","byte_start":0,"byte_end":0,"line_start":1,"line_end":1,"column_start":1,"column_end":1,"is_primary":true,"text":[{"text":"use color_eyre::Result;","highlight_start":1,"highlight_end":1}],"label":null,"suggested_replacement":"use color_eyre::config::Frame;\n","suggestion_applicability":"MaybeIncorrect","expansion":null},{"file_name":"src/cv.rs","byte_start":0,"byte_end":0,"line_start":1,"line_end":1,"column_start":1,"column_end":1,"is_primary":true,"text":[{"text":"use color_eyre::Result;","highlight_start":1,"highlight_end":1}],"label":null,"suggested_replacement":"use ratatui::Frame;\n","suggestion_applicability":"MaybeIncorrect","expansion":null}],"children":[],"rendered":null}],"rendered":"\u001b[1m\u001b[91merror[E0425]\u001b[0m\u001b[1m: cannot find type `Frame` in this scope\u001b[0m\n  \u001b[1m\u001b[94m--> \u001b[0msrc/cv.rs:28:19\n   \u001b[1m\u001b[94m|\u001b[0m\n\u001b[1m\u001b[94m28\u001b[0m \u001b[1m\u001b[94m|\u001b[0m fn cv(frame: &mut Frame) {\n   \u001b[1m\u001b[94m|\u001b[0m                   \u001b[1m\u001b[91m^^^^^\u001b[0m \u001b[1m\u001b[91mnot found in this scope\u001b[0m\n   \u001b[1m\u001b[94m|\u001b[0m\n\u001b[1m\u001b[96mhelp\u001b[0m: consider importing one of these structs\n   \u001b[1m\u001b[94m|\u001b[0m\n \u001b[1m\u001b[94m1\u001b[0m \u001b[92m+ use crate::Frame;\u001b[0m\n   \u001b[1m\u001b[94m|\u001b[0m\n \u001b[1m\u001b[94m1\u001b[0m \u001b[92m+ use color_eyre::config::Frame;\u001b[0m\n   \u001b[1m\u001b[94m|\u001b[0m\n \u001b[1m\u001b[94m1\u001b[0m \u001b[92m+ use ratatui::Frame;\u001b[0m\n   \u001b[1m\u001b[94m|\u001b[0m\n\n"}
{"$message_type":"diagnostic","message":"expected function, found module `cv`","code":{"code":"E0423","explanation":"An identifier was used like a function name or a value was expected and the\nidentifier exists but it belongs to a different namespace.\n\nErroneous code example:\n\n```compile_fail,E0423\nstruct Foo { a: bool };\n\nlet f = Foo();\n// error: expected function, tuple struct or tuple variant, found `Foo`\n// `Foo` is a struct name, but this expression uses it like a function name\n```\n\nPlease verify you didn't misspell the name of what you actually wanted to use\nhere. Example:\n\n```\nfn Foo() -> u32 { 0 }\n\nlet f = Foo(); // ok!\n```\n\nIt is common to forget the trailing `!` on macro invocations, which would also\nyield this error:\n\n```compile_fail,E0423\nprintln(\"\");\n// error: expected function, tuple struct or tuple variant,\n// found macro `println`\n// did you mean `println!(...)`? (notice the trailing `!`)\n```\n\nAnother case where this error is emitted is when a value is expected, but\nsomething else is found:\n\n```compile_fail,E0423\npub mod a {\n    pub const I: i32 = 1;\n}\n\nfn h1() -> i32 {\n    a.I\n    //~^ ERROR expected value, found module `a`\n    // did you mean `a::I`?\n}\n```\n"},"level":"error","spans":[{"file_name":"src/main.rs","byte_start":730,"byte_end":732,"line_start":35,"line_end":35,"column_start":5,"column_end":7,"is_primary":true,"text":[{"text":"    cv(frame);","highlight_start":5,"highlight_end":7}],"label":"not a function","suggested_replacement":null,"suggestion_applicability":null,"expansion":null}],"children":[{"message":"function `crate::cv::cv` exists but is inaccessible","code":null,"level":"note","spans":[{"file_name":"src/cv.rs","byte_start":445,"byte_end":469,"line_start":28,"line_end":28,"column_start":1,"column_end":25,"is_primary":true,"text":[{"text":"fn cv(frame: &mut Frame) {","highlight_start":1,"highlight_end":25}],"label":"not accessible","suggested_replacement":null,"suggestion_applicability":null,"expansion":null}],"children":[],"rendered":null}],"rendered":"\u001b[1m\u001b[91merror[E0423]\u001b[0m\u001b[1m: expected function, found module `cv`\u001b[0m\n  \u001b[1m\u001b[94m--> \u001b[0msrc/main.rs:35:5\n   \u001b[1m\u001b[94m|\u001b[0m\n\u001b[1m\u001b[94m35\u001b[0m \u001b[1m\u001b[94m|\u001b[0m     cv(frame);\n   \u001b[1m\u001b[94m|\u001b[0m     \u001b[1m\u001b[91m^^\u001b[0m \u001b[1m\u001b[91mnot a function\u001b[0m\n   \u001b[1m\u001b[94m|\u001b[0m\n\u001b[1m\u001b[92mnote\u001b[0m: function `crate::cv::cv` exists but is inaccessible\n  \u001b[1m\u001b[94m--> \u001b[0msrc/cv.rs:28:1\n   \u001b[1m\u001b[94m|\u001b[0m\n\u001b[1m\u001b[94m28\u001b[0m \u001b[1m\u001b[94m|\u001b[0m fn cv(frame: &mut Frame) {\n   \u001b[1m\u001b[94m|\u001b[0m \u001b[1m\u001b[92m^^^^^^^^^^^^^^^^^^^^^^^^\u001b[0m \u001b[1m\u001b[92mnot accessible\u001b[0m\n\n"}
{"$message_type":"diagnostic","message":"unused imports: `layout::*`, `style::*`, and `widgets::*`","code":{"code":"unused_imports","explanation":null},"level":"warning","spans":[{"file_name":"src/main.rs","byte_start":80,"byte_end":89,"line_start":4,"line_end":4,"column_start":5,"column_end":14,"is_primary":true,"text":[{"text":"    layout::*,","highlight_start":5,"highlight_end":14}],"label":null,"suggested_replacement":null,"suggestion_applicability":null,"expansion":null},{"file_name":"src/main.rs","byte_start":111,"byte_end":119,"line_start":6,"line_end":6,"column_start":5,"column_end":13,"is_primary":true,"text":[{"text":"    style::*,","highlight_start":5,"highlight_end":13}],"label":null,"suggested_replacement":null,"suggestion_applicability":null,"expansion":null},{"file_name":"src/main.rs","byte_start":125,"byte_end":135,"line_start":7,"line_end":7,"column_start":5,"column_end":15,"is_primary":true,"text":[{"text":"    widgets::*,","highlight_start":5,"highlight_end":15}],"label":null,"suggested_replacement":null,"suggestion_applicability":null,"expansion":null}],"children":[{"message":"`#[warn(unused_imports)]` (part of `#[warn(unused)]`) on by default","code":null,"level":"note","spans":[],"children":[],"rendered":null},{"message":"remove the unused imports","code":null,"level":"help","spans":[{"file_name":"src/main.rs","byte_start":80,"byte_end":95,"line_start":4,"line_end":5,"column_start":5,"column_end":5,"is_primary":true,"text":[{"text":"    layout::*,","highlight_start":5,"highlight_end":15},{"text":"    prelude::*,","highlight_start":1,"highlight_end":5}],"label":null,"suggested_replacement":"","suggestion_applicability":"MachineApplicable","expansion":null},{"file_name":"src/main.rs","byte_start":105,"byte_end":135,"line_start":5,"line_end":7,"column_start":15,"column_end":15,"is_primary":true,"text":[{"text":"    prelude::*,","highlight_start":15,"highlight_end":16},{"text":"    style::*,","highlight_start":1,"highlight_end":14},{"text":"    widgets::*,","highlight_start":1,"highlight_end":15}],"label":null,"suggested_replacement":"","suggestion_applicability":"MachineApplicable","expansion":null}],"children":[],"rendered":null}],"rendered":"\u001b[1m\u001b[33mwarning\u001b[0m\u001b[1m: unused imports: `layout::*`, `style::*`, and `widgets::*`\u001b[0m\n \u001b[1m\u001b[94m--> \u001b[0msrc/main.rs:4:5\n  \u001b[1m\u001b[94m|\u001b[0m\n\u001b[1m\u001b[94m4\u001b[0m \u001b[1m\u001b[94m|\u001b[0m     layout::*,\n  \u001b[1m\u001b[94m|\u001b[0m     \u001b[1m\u001b[33m^^^^^^^^^\u001b[0m\n\u001b[1m\u001b[94m5\u001b[0m \u001b[1m\u001b[94m|\u001b[0m     prelude::*,\n\u001b[1m\u001b[94m6\u001b[0m \u001b[1m\u001b[94m|\u001b[0m     style::*,\n  \u001b[1m\u001b[94m|\u001b[0m     \u001b[1m\u001b[33m^^^^^^^^\u001b[0m\n\u001b[1m\u001b[94m7\u001b[0m \u001b[1m\u001b[94m|\u001b[0m     widgets::*,\n  \u001b[1m\u001b[94m|\u001b[0m     \u001b[1m\u001b[33m^^^^^^^^^^\u001b[0m\n  \u001b[1m\u001b[94m|\u001b[0m\n  \u001b[1m\u001b[94m= \u001b[0m\u001b[1mnote\u001b[0m: `#[warn(unused_imports)]` (part of `#[warn(unused)]`) on by default\n\n"}
{"$message_type":"diagnostic","message":"failed to resolve: use of unresolved module or unlinked crate `serde`","code":{"code":"E0433","explanation":"An undeclared crate, module, or type was used.\n\nErroneous code example:\n\n```compile_fail,E0433\nlet map = HashMap::new();\n// error: failed to resolve: use of undeclared type `HashMap`\n```\n\nPlease verify you didn't misspell the type/module's name or that you didn't\nforget to import it:\n\n```\nuse std::collections::HashMap; // HashMap has been imported.\nlet map: HashMap<u32, u32> = HashMap::new(); // So it can be used!\n```\n\nIf you've expected to use a crate name:\n\n```compile_fail\nuse ferris_wheel::BigO;\n// error: failed to resolve: use of undeclared module or unlinked crate\n```\n\nMake sure the crate has been added as a dependency in `Cargo.toml`.\n\nTo use a module from your current crate, add the `crate::` prefix to the path.\n"},"level":"error","spans":[{"file_name":"src/cv.rs","byte_start":414,"byte_end":419,"line_start":24,"line_end":24,"column_start":26,"column_end":31,"is_primary":true,"text":[{"text":"        let data: Data = serde::from_str(path)","highlight_start":26,"highlight_end":31}],"label":"use of unresolved module or unlinked crate `serde`","suggested_replacement":null,"suggestion_applicability":null,"expansion":null}],"children":[{"message":"if you wanted to use a crate named `serde`, use `cargo add serde` to add it to your `Cargo.toml`","code":null,"level":"help","spans":[],"children":[],"rendered":null}],"rendered":"\u001b[1m\u001b[91merror[E0433]\u001b[0m\u001b[1m: failed to resolve: use of unresolved module or unlinked crate `serde`\u001b[0m\n  \u001b[1m\u001b[94m--> \u001b[0msrc/cv.rs:24:26\n   \u001b[1m\u001b[94m|\u001b[0m\n\u001b[1m\u001b[94m24\u001b[0m \u001b[1m\u001b[94m|\u001b[0m         let data: Data = serde::from_str(path)\n   \u001b[1m\u001b[94m|\u001b[0m                          \u001b[1m\u001b[91m^^^^^\u001b[0m \u001b[1m\u001b[91muse of unresolved module or unlinked crate `serde`\u001b[0m\n   \u001b[1m\u001b[94m|\u001b[0m\n   \u001b[1m\u001b[94m= \u001b[0m\u001b[1mhelp\u001b[0m: if you wanted to use a crate named `serde`, use `cargo add serde` to add it to your `Cargo.toml`\n\n"}
{"$message_type":"diagnostic","message":"mismatched types","code":{"code":"E0308","explanation":"Expected type did not match the received type.\n\nErroneous code examples:\n\n```compile_fail,E0308\nfn plus_one(x: i32) -> i32 {\n    x + 1\n}\n\nplus_one(\"Not a number\");\n//       ^^^^^^^^^^^^^^ expected `i32`, found `&str`\n\nif \"Not a bool\" {\n// ^^^^^^^^^^^^ expected `bool`, found `&str`\n}\n\nlet x: f32 = \"Not a float\";\n//     ---   ^^^^^^^^^^^^^ expected `f32`, found `&str`\n//     |\n//     expected due to this\n```\n\nThis error occurs when an expression was used in a place where the compiler\nexpected an expression of a different type. It can occur in several cases, the\nmost common being when calling a function and passing an argument which has a\ndifferent type than the matching type in the function declaration.\n"},"level":"error","spans":[{"file_name":"src/cv.rs","byte_start":332,"byte_end":344,"line_start":21,"line_end":21,"column_start":28,"column_end":40,"is_primary":true,"text":[{"text":"    fn read(path: &str) -> Result<Data> {","highlight_start":28,"highlight_end":40}],"label":"expected `Result<Data, Report>`, found `()`","suggested_replacement":null,"suggestion_applicability":null,"expansion":null},{"file_name":"src/cv.rs","byte_start":312,"byte_end":316,"line_start":21,"line_end":21,"column_start":8,"column_end":12,"is_primary":false,"text":[{"text":"    fn read(path: &str) -> Result<Data> {","highlight_start":8,"highlight_end":12}],"label":"implicitly returns `()` as its body has no tail or `return` expression","suggested_replacement":null,"suggestion_applicability":null,"expansion":null}],"children":[{"message":"  expected enum `Result<Data, ErrReport>`\nfound unit type `()`","code":null,"level":"note","spans":[],"children":[],"rendered":null}],"rendered":"\u001b[1m\u001b[91merror[E0308]\u001b[0m\u001b[1m: mismatched types\u001b[0m\n  \u001b[1m\u001b[94m--> \u001b[0msrc/cv.rs:21:28\n   \u001b[1m\u001b[94m|\u001b[0m\n\u001b[1m\u001b[94m21\u001b[0m \u001b[1m\u001b[94m|\u001b[0m     fn read(path: &str) -> Result<Data> {\n   \u001b[1m\u001b[94m|\u001b[0m        \u001b[1m\u001b[94m----\u001b[0m                \u001b[1m\u001b[91m^^^^^^^^^^^^\u001b[0m \u001b[1m\u001b[91mexpected `Result<Data, Report>`, found `()`\u001b[0m\n   \u001b[1m\u001b[94m|\u001b[0m        \u001b[1m\u001b[94m|\u001b[0m\n   \u001b[1m\u001b[94m|\u001b[0m        \u001b[1m\u001b[94mimplicitly returns `()` as its body has no tail or `return` expression\u001b[0m\n   \u001b[1m\u001b[94m|\u001b[0m\n   \u001b[1m\u001b[94m= \u001b[0m\u001b[1mnote\u001b[0m:   expected enum `\u001b[1m\u001b[35mResult<Data, ErrReport>\u001b[0m`\n           found unit type `\u001b[1m\u001b[35m()\u001b[0m`\n\n"}
{"$message_type":"diagnostic","message":"failed to resolve: use of undeclared type `Constraints`","code":{"code":"E0433","explanation":"An undeclared crate, module, or type was used.\n\nErroneous code example:\n\n```compile_fail,E0433\nlet map = HashMap::new();\n// error: failed to resolve: use of undeclared type `HashMap`\n```\n\nPlease verify you didn't misspell the type/module's name or that you didn't\nforget to import it:\n\n```\nuse std::collections::HashMap; // HashMap has been imported.\nlet map: HashMap<u32, u32> = HashMap::new(); // So it can be used!\n```\n\nIf you've expected to use a crate name:\n\n```compile_fail\nuse ferris_wheel::BigO;\n// error: failed to resolve: use of undeclared module or unlinked crate\n```\n\nMake sure the crate has been added as a dependency in `Cargo.toml`.\n\nTo use a module from your current crate, add the `crate::` prefix to the path.\n"},"level":"error","spans":[{"file_name":"src/cv.rs","byte_start":570,"byte_end":581,"line_start":31,"line_end":31,"column_start":23,"column_end":34,"is_primary":true,"text":[{"text":"        .constraints([Constraints::Fill(1), Constraints::Fill(1)])","highlight_start":23,"highlight_end":34}],"label":"use of undeclared type `Constraints`","suggested_replacement":null,"suggestion_applicability":null,"expansion":null}],"children":[{"message":"an enum with a similar name exists","code":null,"level":"help","spans":[{"file_name":"src/cv.rs","byte_start":570,"byte_end":581,"line_start":31,"line_end":31,"column_start":23,"column_end":34,"is_primary":true,"text":[{"text":"        .constraints([Constraints::Fill(1), Constraints::Fill(1)])","highlight_start":23,"highlight_end":34}],"label":null,"suggested_replacement":"Constraint","suggestion_applicability":"MaybeIncorrect","expansion":null}],"children":[],"rendered":null}],"rendered":"\u001b[1m\u001b[91merror[E0433]\u001b[0m\u001b[1m: failed to resolve: use of undeclared type `Constraints`\u001b[0m\n  \u001b[1m\u001b[94m--> \u001b[0msrc/cv.rs:31:23\n   \u001b[1m\u001b[94m|\u001b[0m\n\u001b[1m\u001b[94m31\u001b[0m \u001b[1m\u001b[94m|\u001b[0m         .constraints([Constraints::Fill(1), Constraints::Fill(1)])\n   \u001b[1m\u001b[94m|\u001b[0m                       \u001b[1m\u001b[91m^^^^^^^^^^^\u001b[0m\n   \u001b[1m\u001b[94m|\u001b[0m                       \u001b[1m\u001b[91m|\u001b[0m\n   \u001b[1m\u001b[94m|\u001b[0m                       \u001b[1m\u001b[91muse of undeclared type `Constraints`\u001b[0m\n   \u001b[1m\u001b[94m|\u001b[0m                       \u001b[1m\u001b[91mhelp: an enum with a similar name exists: `Constraint`\u001b[0m\n\n"}
{"$message_type":"diagnostic","message":"failed to resolve: use of undeclared type `Constraints`","code":{"code":"E0433","explanation":"An undeclared crate, module, or type was used.\n\nErroneous code example:\n\n```compile_fail,E0433\nlet map = HashMap::new();\n// error: failed to resolve: use of undeclared type `HashMap`\n```\n\nPlease verify you didn't misspell the type/module's name or that you didn't\nforget to import it:\n\n```\nuse std::collections::HashMap; // HashMap has been imported.\nlet map: HashMap<u32, u32> = HashMap::new(); // So it can be used!\n```\n\nIf you've expected to use a crate name:\n\n```compile_fail\nuse ferris_wheel::BigO;\n// error: failed to resolve: use of undeclared module or unlinked crate\n```\n\nMake sure the crate has been added as a dependency in `Cargo.toml`.\n\nTo use a module from your current crate, add the `crate::` prefix to the path.\n"},"level":"error","spans":[{"file_name":"src/cv.rs","byte_start":592,"byte_end":603,"line_start":31,"line_end":31,"column_start":45,"column_end":56,"is_primary":true,"text":[{"text":"        .constraints([Constraints::Fill(1), Constraints::Fill(1)])","highlight_start":45,"highlight_end":56}],"label":"use of undeclared type `Constraints`","suggested_replacement":null,"suggestion_applicability":null,"expansion":null}],"children":[{"message":"an enum with a similar name exists","code":null,"level":"help","spans":[{"file_name":"src/cv.rs","byte_start":592,"byte_end":603,"line_start":31,"line_end":31,"column_start":45,"column_end":56,"is_primary":true,"text":[{"text":"        .constraints([Constraints::Fill(1), Constraints::Fill(1)])","highlight_start":45,"highlight_end":56}],"label":null,"suggested_replacement":"Constraint","suggestion_applicability":"MaybeIncorrect","expansion":null}],"children":[],"rendered":null}],"rendered":"\u001b[1m\u001b[91merror[E0433]\u001b[0m\u001b[1m: failed to resolve: use of undeclared type `Constraints`\u001b[0m\n  \u001b[1m\u001b[94m--> \u001b[0msrc/cv.rs:31:45\n   \u001b[1m\u001b[94m|\u001b[0m\n\u001b[1m\u001b[94m31\u001b[0m \u001b[1m\u001b[94m|\u001b[0m         .constraints([Constraints::Fill(1), Constraints::Fill(1)])\n   \u001b[1m\u001b[94m|\u001b[0m                                             \u001b[1m\u001b[91m^^^^^^^^^^^\u001b[0m\n   \u001b[1m\u001b[94m|\u001b[0m                                             \u001b[1m\u001b[91m|\u001b[0m\n   \u001b[1m\u001b[94m|\u001b[0m                                             \u001b[1m\u001b[91muse of undeclared type `Constraints`\u001b[0m\n   \u001b[1m\u001b[94m|\u001b[0m                                             \u001b[1m\u001b[91mhelp: an enum with a similar name exists: `Constraint`\u001b[0m\n\n"}
{"$message_type":"diagnostic","message":"unused import: `prelude`","code":{"code":"unused_imports","explanation":null},"level":"warning","spans":[{"file_name":"src/main.rs","byte_start":95,"byte_end":102,"line_start":5,"line_end":5,"column_start":5,"column_end":12,"is_primary":true,"text":[{"text":"    prelude::*,","highlight_start":5,"highlight_end":12}],"label":null,"suggested_replacement":null,"suggestion_applicability":null,"expansion":null}],"children":[],"rendered":"\u001b[1m\u001b[33mwarning\u001b[0m\u001b[1m: unused import: `prelude`\u001b[0m\n \u001b[1m\u001b[94m--> \u001b[0msrc/main.rs:5:5\n  \u001b[1m\u001b[94m|\u001b[0m\n\u001b[1m\u001b[94m5\u001b[0m \u001b[1m\u001b[94m|\u001b[0m     prelude::*,\n  \u001b[1m\u001b[94m|\u001b[0m     \u001b[1m\u001b[33m^^^^^^^\u001b[0m\n\n"}
{"$message_type":"diagnostic","message":"aborting due to 9 previous errors; 2 warnings emitted","code":null,"level":"error","spans":[],"children":[],"rendered":"\u001b[1m\u001b[91merror\u001b[0m\u001b[1m: aborting due to 9 previous errors; 2 warnings emitted\u001b[0m\n\n"}
{"$message_type":"diagnostic","message":"Some errors have detailed explanations: E0308, E0423, E0425, E0432, E0433.","code":null,"level":"failure-note","spans":[],"children":[],"rendered":"\u001b[1mSome errors have detailed explanations: E0308, E0423, E0425, E0432, E0433.\u001b[0m\n"}
{"$message_type":"diagnostic","message":"For more information about an error, try `rustc --explain E0308`.","code":null,"level":"failure-note","spans":[],"children":[],"rendered":"\u001b[1mFor more information about an error, try `rustc --explain E0308`.\u001b[0m\n"}
