{"$message_type":"diagnostic","message":"unresolved import `strum`","code":{"code":"E0432","explanation":"An import was unresolved.\n\nErroneous code example:\n\n```compile_fail,E0432\nuse something::Foo; // error: unresolved import `something::Foo`.\n```\n\nIn Rust 2015, paths in `use` statements are relative to the crate root. To\nimport items relative to the current and parent modules, use the `self::` and\n`super::` prefixes, respectively.\n\nIn Rust 2018 or later, paths in `use` statements are relative to the current\nmodule unless they begin with the name of a crate or a literal `crate::`, in\nwhich case they start from the crate root. As in Rust 2015 code, the `self::`\nand `super::` prefixes refer to the current and parent modules respectively.\n\nAlso verify that you didn't misspell the import name and that the import exists\nin the module from where you tried to import it. Example:\n\n```\nuse self::something::Foo; // Ok.\n\nmod something {\n    pub struct Foo;\n}\n# fn main() {}\n```\n\nIf you tried to use a module from an external crate and are using Rust 2015,\nyou may have missed the `extern crate` declaration (which is usually placed in\nthe crate root):\n\n```edition2015\nextern crate core; // Required to use the `core` crate in Rust 2015.\n\nuse core::any;\n# fn main() {}\n```\n\nSince Rust 2018 the `extern crate` declaration is not required and\nyou can instead just `use` it:\n\n```edition2018\nuse core::any; // No extern crate required in Rust 2018.\n# fn main() {}\n```\n"},"level":"error","spans":[{"file_name":"src/main.rs","byte_start":1051,"byte_end":1056,"line_start":27,"line_end":27,"column_start":5,"column_end":10,"is_primary":true,"text":[{"text":"use strum::{Display, EnumIter, FromRepr, IntoEnumIterator};","highlight_start":5,"highlight_end":10}],"label":"use of unresolved module or unlinked crate `strum`","suggested_replacement":null,"suggestion_applicability":null,"expansion":null}],"children":[{"message":"if you wanted to use a crate named `strum`, use `cargo add strum` to add it to your `Cargo.toml`","code":null,"level":"help","spans":[],"children":[],"rendered":null}],"rendered":"\u001b[1m\u001b[91merror[E0432]\u001b[0m\u001b[1m: unresolved import `strum`\u001b[0m\n  \u001b[1m\u001b[94m--> \u001b[0msrc/main.rs:27:5\n   \u001b[1m\u001b[94m|\u001b[0m\n\u001b[1m\u001b[94m27\u001b[0m \u001b[1m\u001b[94m|\u001b[0m use strum::{Display, EnumIter, FromRepr, IntoEnumIterator};\n   \u001b[1m\u001b[94m|\u001b[0m     \u001b[1m\u001b[91m^^^^^\u001b[0m \u001b[1m\u001b[91muse of unresolved module or unlinked crate `strum`\u001b[0m\n   \u001b[1m\u001b[94m|\u001b[0m\n   \u001b[1m\u001b[94m= \u001b[0m\u001b[1mhelp\u001b[0m: if you wanted to use a crate named `strum`, use `cargo add strum` to add it to your `Cargo.toml`\n\n"}
{"$message_type":"diagnostic","message":"cannot find attribute `strum` in this scope","code":null,"level":"error","spans":[{"file_name":"src/main.rs","byte_start":1587,"byte_end":1592,"line_start":53,"line_end":53,"column_start":7,"column_end":12,"is_primary":true,"text":[{"text":"    #[strum(to_string = \"Tab 1\")]","highlight_start":7,"highlight_end":12}],"label":null,"suggested_replacement":null,"suggestion_applicability":null,"expansion":null}],"children":[{"message":"`strum` is an attribute that can be used by the derive macros `AsRefStr`, `AsStaticStr`, `Display`, `EnumCount`, `EnumDiscriminants`, `EnumIs`, `EnumIter`, `EnumMessage`, `EnumProperty`, `EnumString`, `EnumTable`, `EnumTryAs`, `EnumVariantNames`, `FromRepr`, `IntoStaticStr`, `ToString`, `VariantArray` and `VariantNames`, you might be missing a `derive` attribute","code":null,"level":"help","spans":[{"file_name":"src/main.rs","byte_start":1547,"byte_end":1547,"line_start":51,"line_end":51,"column_start":1,"column_end":1,"is_primary":true,"text":[{"text":"enum SelectedTab {","highlight_start":1,"highlight_end":1}],"label":null,"suggested_replacement":"#[derive(AsRefStr, AsStaticStr, Display, EnumCount, EnumDiscriminants, EnumIs, EnumIter, EnumMessage, EnumProperty, EnumString, EnumTable, EnumTryAs, EnumVariantNames, FromRepr, IntoStaticStr, ToString, VariantArray, VariantNames)]\n","suggestion_applicability":"MaybeIncorrect","expansion":null}],"children":[],"rendered":null}],"rendered":"\u001b[1m\u001b[91merror\u001b[0m\u001b[1m: cannot find attribute `strum` in this scope\u001b[0m\n  \u001b[1m\u001b[94m--> \u001b[0msrc/main.rs:53:7\n   \u001b[1m\u001b[94m|\u001b[0m\n\u001b[1m\u001b[94m53\u001b[0m \u001b[1m\u001b[94m|\u001b[0m     #[strum(to_string = \"Tab 1\")]\n   \u001b[1m\u001b[94m|\u001b[0m       \u001b[1m\u001b[91m^^^^^\u001b[0m\n   \u001b[1m\u001b[94m|\u001b[0m\n\u001b[1m\u001b[96mhelp\u001b[0m: `strum` is an attribute that can be used by the derive macros `AsRefStr`, `AsStaticStr`, `Display`, `EnumCount`, `EnumDiscriminants`, `EnumIs`, `EnumIter`, `EnumMessage`, `EnumProperty`, `EnumString`, `EnumTable`, `EnumTryAs`, `EnumVariantNames`, `FromRepr`, `IntoStaticStr`, `ToString`, `VariantArray` and `VariantNames`, you might be missing a `derive` attribute\n   \u001b[1m\u001b[94m|\u001b[0m\n\u001b[1m\u001b[94m51\u001b[0m \u001b[92m+ #[derive(AsRefStr, AsStaticStr, Display, EnumCount, EnumDiscriminants, EnumIs, EnumIter, EnumMessage, EnumProperty, EnumString, EnumTable, EnumTryAs, EnumVariantNames, FromRepr, IntoStaticStr, ToString, VariantArray, VariantNames)]\u001b[0m\n\u001b[1m\u001b[94m52\u001b[0m \u001b[1m\u001b[94m| \u001b[0menum SelectedTab {\n   \u001b[1m\u001b[94m|\u001b[0m\n\n"}
{"$message_type":"diagnostic","message":"cannot find attribute `strum` in this scope","code":null,"level":"error","spans":[{"file_name":"src/main.rs","byte_start":1631,"byte_end":1636,"line_start":55,"line_end":55,"column_start":7,"column_end":12,"is_primary":true,"text":[{"text":"    #[strum(to_string = \"Tab 2\")]","highlight_start":7,"highlight_end":12}],"label":null,"suggested_replacement":null,"suggestion_applicability":null,"expansion":null}],"children":[{"message":"`strum` is an attribute that can be used by the derive macros `AsRefStr`, `AsStaticStr`, `Display`, `EnumCount`, `EnumDiscriminants`, `EnumIs`, `EnumIter`, `EnumMessage`, `EnumProperty`, `EnumString`, `EnumTable`, `EnumTryAs`, `EnumVariantNames`, `FromRepr`, `IntoStaticStr`, `ToString`, `VariantArray` and `VariantNames`, you might be missing a `derive` attribute","code":null,"level":"help","spans":[{"file_name":"src/main.rs","byte_start":1547,"byte_end":1547,"line_start":51,"line_end":51,"column_start":1,"column_end":1,"is_primary":true,"text":[{"text":"enum SelectedTab {","highlight_start":1,"highlight_end":1}],"label":null,"suggested_replacement":"#[derive(AsRefStr, AsStaticStr, Display, EnumCount, EnumDiscriminants, EnumIs, EnumIter, EnumMessage, EnumProperty, EnumString, EnumTable, EnumTryAs, EnumVariantNames, FromRepr, IntoStaticStr, ToString, VariantArray, VariantNames)]\n","suggestion_applicability":"MaybeIncorrect","expansion":null}],"children":[],"rendered":null}],"rendered":"\u001b[1m\u001b[91merror\u001b[0m\u001b[1m: cannot find attribute `strum` in this scope\u001b[0m\n  \u001b[1m\u001b[94m--> \u001b[0msrc/main.rs:55:7\n   \u001b[1m\u001b[94m|\u001b[0m\n\u001b[1m\u001b[94m55\u001b[0m \u001b[1m\u001b[94m|\u001b[0m     #[strum(to_string = \"Tab 2\")]\n   \u001b[1m\u001b[94m|\u001b[0m       \u001b[1m\u001b[91m^^^^^\u001b[0m\n   \u001b[1m\u001b[94m|\u001b[0m\n\u001b[1m\u001b[96mhelp\u001b[0m: `strum` is an attribute that can be used by the derive macros `AsRefStr`, `AsStaticStr`, `Display`, `EnumCount`, `EnumDiscriminants`, `EnumIs`, `EnumIter`, `EnumMessage`, `EnumProperty`, `EnumString`, `EnumTable`, `EnumTryAs`, `EnumVariantNames`, `FromRepr`, `IntoStaticStr`, `ToString`, `VariantArray` and `VariantNames`, you might be missing a `derive` attribute\n   \u001b[1m\u001b[94m|\u001b[0m\n\u001b[1m\u001b[94m51\u001b[0m \u001b[92m+ #[derive(AsRefStr, AsStaticStr, Display, EnumCount, EnumDiscriminants, EnumIs, EnumIter, EnumMessage, EnumProperty, EnumString, EnumTable, EnumTryAs, EnumVariantNames, FromRepr, IntoStaticStr, ToString, VariantArray, VariantNames)]\u001b[0m\n\u001b[1m\u001b[94m52\u001b[0m \u001b[1m\u001b[94m| \u001b[0menum SelectedTab {\n   \u001b[1m\u001b[94m|\u001b[0m\n\n"}
{"$message_type":"diagnostic","message":"cannot find attribute `strum` in this scope","code":null,"level":"error","spans":[{"file_name":"src/main.rs","byte_start":1675,"byte_end":1680,"line_start":57,"line_end":57,"column_start":7,"column_end":12,"is_primary":true,"text":[{"text":"    #[strum(to_string = \"Tab 3\")]","highlight_start":7,"highlight_end":12}],"label":null,"suggested_replacement":null,"suggestion_applicability":null,"expansion":null}],"children":[{"message":"`strum` is an attribute that can be used by the derive macros `AsRefStr`, `AsStaticStr`, `Display`, `EnumCount`, `EnumDiscriminants`, `EnumIs`, `EnumIter`, `EnumMessage`, `EnumProperty`, `EnumString`, `EnumTable`, `EnumTryAs`, `EnumVariantNames`, `FromRepr`, `IntoStaticStr`, `ToString`, `VariantArray` and `VariantNames`, you might be missing a `derive` attribute","code":null,"level":"help","spans":[{"file_name":"src/main.rs","byte_start":1547,"byte_end":1547,"line_start":51,"line_end":51,"column_start":1,"column_end":1,"is_primary":true,"text":[{"text":"enum SelectedTab {","highlight_start":1,"highlight_end":1}],"label":null,"suggested_replacement":"#[derive(AsRefStr, AsStaticStr, Display, EnumCount, EnumDiscriminants, EnumIs, EnumIter, EnumMessage, EnumProperty, EnumString, EnumTable, EnumTryAs, EnumVariantNames, FromRepr, IntoStaticStr, ToString, VariantArray, VariantNames)]\n","suggestion_applicability":"MaybeIncorrect","expansion":null}],"children":[],"rendered":null}],"rendered":"\u001b[1m\u001b[91merror\u001b[0m\u001b[1m: cannot find attribute `strum` in this scope\u001b[0m\n  \u001b[1m\u001b[94m--> \u001b[0msrc/main.rs:57:7\n   \u001b[1m\u001b[94m|\u001b[0m\n\u001b[1m\u001b[94m57\u001b[0m \u001b[1m\u001b[94m|\u001b[0m     #[strum(to_string = \"Tab 3\")]\n   \u001b[1m\u001b[94m|\u001b[0m       \u001b[1m\u001b[91m^^^^^\u001b[0m\n   \u001b[1m\u001b[94m|\u001b[0m\n\u001b[1m\u001b[96mhelp\u001b[0m: `strum` is an attribute that can be used by the derive macros `AsRefStr`, `AsStaticStr`, `Display`, `EnumCount`, `EnumDiscriminants`, `EnumIs`, `EnumIter`, `EnumMessage`, `EnumProperty`, `EnumString`, `EnumTable`, `EnumTryAs`, `EnumVariantNames`, `FromRepr`, `IntoStaticStr`, `ToString`, `VariantArray` and `VariantNames`, you might be missing a `derive` attribute\n   \u001b[1m\u001b[94m|\u001b[0m\n\u001b[1m\u001b[94m51\u001b[0m \u001b[92m+ #[derive(AsRefStr, AsStaticStr, Display, EnumCount, EnumDiscriminants, EnumIs, EnumIter, EnumMessage, EnumProperty, EnumString, EnumTable, EnumTryAs, EnumVariantNames, FromRepr, IntoStaticStr, ToString, VariantArray, VariantNames)]\u001b[0m\n\u001b[1m\u001b[94m52\u001b[0m \u001b[1m\u001b[94m| \u001b[0menum SelectedTab {\n   \u001b[1m\u001b[94m|\u001b[0m\n\n"}
{"$message_type":"diagnostic","message":"cannot find attribute `strum` in this scope","code":null,"level":"error","spans":[{"file_name":"src/main.rs","byte_start":1719,"byte_end":1724,"line_start":59,"line_end":59,"column_start":7,"column_end":12,"is_primary":true,"text":[{"text":"    #[strum(to_string = \"Tab 4\")]","highlight_start":7,"highlight_end":12}],"label":null,"suggested_replacement":null,"suggestion_applicability":null,"expansion":null}],"children":[{"message":"`strum` is an attribute that can be used by the derive macros `AsRefStr`, `AsStaticStr`, `Display`, `EnumCount`, `EnumDiscriminants`, `EnumIs`, `EnumIter`, `EnumMessage`, `EnumProperty`, `EnumString`, `EnumTable`, `EnumTryAs`, `EnumVariantNames`, `FromRepr`, `IntoStaticStr`, `ToString`, `VariantArray` and `VariantNames`, you might be missing a `derive` attribute","code":null,"level":"help","spans":[{"file_name":"src/main.rs","byte_start":1547,"byte_end":1547,"line_start":51,"line_end":51,"column_start":1,"column_end":1,"is_primary":true,"text":[{"text":"enum SelectedTab {","highlight_start":1,"highlight_end":1}],"label":null,"suggested_replacement":"#[derive(AsRefStr, AsStaticStr, Display, EnumCount, EnumDiscriminants, EnumIs, EnumIter, EnumMessage, EnumProperty, EnumString, EnumTable, EnumTryAs, EnumVariantNames, FromRepr, IntoStaticStr, ToString, VariantArray, VariantNames)]\n","suggestion_applicability":"MaybeIncorrect","expansion":null}],"children":[],"rendered":null}],"rendered":"\u001b[1m\u001b[91merror\u001b[0m\u001b[1m: cannot find attribute `strum` in this scope\u001b[0m\n  \u001b[1m\u001b[94m--> \u001b[0msrc/main.rs:59:7\n   \u001b[1m\u001b[94m|\u001b[0m\n\u001b[1m\u001b[94m59\u001b[0m \u001b[1m\u001b[94m|\u001b[0m     #[strum(to_string = \"Tab 4\")]\n   \u001b[1m\u001b[94m|\u001b[0m       \u001b[1m\u001b[91m^^^^^\u001b[0m\n   \u001b[1m\u001b[94m|\u001b[0m\n\u001b[1m\u001b[96mhelp\u001b[0m: `strum` is an attribute that can be used by the derive macros `AsRefStr`, `AsStaticStr`, `Display`, `EnumCount`, `EnumDiscriminants`, `EnumIs`, `EnumIter`, `EnumMessage`, `EnumProperty`, `EnumString`, `EnumTable`, `EnumTryAs`, `EnumVariantNames`, `FromRepr`, `IntoStaticStr`, `ToString`, `VariantArray` and `VariantNames`, you might be missing a `derive` attribute\n   \u001b[1m\u001b[94m|\u001b[0m\n\u001b[1m\u001b[94m51\u001b[0m \u001b[92m+ #[derive(AsRefStr, AsStaticStr, Display, EnumCount, EnumDiscriminants, EnumIs, EnumIter, EnumMessage, EnumProperty, EnumString, EnumTable, EnumTryAs, EnumVariantNames, FromRepr, IntoStaticStr, ToString, VariantArray, VariantNames)]\u001b[0m\n\u001b[1m\u001b[94m52\u001b[0m \u001b[1m\u001b[94m| \u001b[0menum SelectedTab {\n   \u001b[1m\u001b[94m|\u001b[0m\n\n"}
{"$message_type":"diagnostic","message":"no variant or associated item named `from_repr` found for enum `SelectedTab` in the current scope","code":{"code":"E0599","explanation":"This error occurs when a method is used on a type which doesn't implement it:\n\nErroneous code example:\n\n```compile_fail,E0599\nstruct Mouth;\n\nlet x = Mouth;\nx.chocolate(); // error: no method named `chocolate` found for type `Mouth`\n               //        in the current scope\n```\n\nIn this case, you need to implement the `chocolate` method to fix the error:\n\n```\nstruct Mouth;\n\nimpl Mouth {\n    fn chocolate(&self) { // We implement the `chocolate` method here.\n        println!(\"Hmmm! I love chocolate!\");\n    }\n}\n\nlet x = Mouth;\nx.chocolate(); // ok!\n```\n"},"level":"error","spans":[{"file_name":"src/main.rs","byte_start":3072,"byte_end":3081,"line_start":104,"line_end":104,"column_start":15,"column_end":24,"is_primary":true,"text":[{"text":"        Self::from_repr(previous_index).unwrap_or(self)","highlight_start":15,"highlight_end":24}],"label":"variant or associated item not found in `SelectedTab`","suggested_replacement":null,"suggestion_applicability":null,"expansion":null},{"file_name":"src/main.rs","byte_start":1547,"byte_end":1563,"line_start":51,"line_end":51,"column_start":1,"column_end":17,"is_primary":false,"text":[{"text":"enum SelectedTab {","highlight_start":1,"highlight_end":17}],"label":"variant or associated item `from_repr` not found for this enum","suggested_replacement":null,"suggestion_applicability":null,"expansion":null}],"children":[],"rendered":"\u001b[1m\u001b[91merror[E0599]\u001b[0m\u001b[1m: no variant or associated item named `from_repr` found for enum `SelectedTab` in the current scope\u001b[0m\n   \u001b[1m\u001b[94m--> \u001b[0msrc/main.rs:104:15\n    \u001b[1m\u001b[94m|\u001b[0m\n \u001b[1m\u001b[94m51\u001b[0m \u001b[1m\u001b[94m|\u001b[0m enum SelectedTab {\n    \u001b[1m\u001b[94m|\u001b[0m \u001b[1m\u001b[94m----------------\u001b[0m \u001b[1m\u001b[94mvariant or associated item `from_repr` not found for this enum\u001b[0m\n\u001b[1m\u001b[94m...\u001b[0m\n\u001b[1m\u001b[94m104\u001b[0m \u001b[1m\u001b[94m|\u001b[0m         Self::from_repr(previous_index).unwrap_or(self)\n    \u001b[1m\u001b[94m|\u001b[0m               \u001b[1m\u001b[91m^^^^^^^^^\u001b[0m \u001b[1m\u001b[91mvariant or associated item not found in `SelectedTab`\u001b[0m\n\n"}
{"$message_type":"diagnostic","message":"no variant or associated item named `from_repr` found for enum `SelectedTab` in the current scope","code":{"code":"E0599","explanation":"This error occurs when a method is used on a type which doesn't implement it:\n\nErroneous code example:\n\n```compile_fail,E0599\nstruct Mouth;\n\nlet x = Mouth;\nx.chocolate(); // error: no method named `chocolate` found for type `Mouth`\n               //        in the current scope\n```\n\nIn this case, you need to implement the `chocolate` method to fix the error:\n\n```\nstruct Mouth;\n\nimpl Mouth {\n    fn chocolate(&self) { // We implement the `chocolate` method here.\n        println!(\"Hmmm! I love chocolate!\");\n    }\n}\n\nlet x = Mouth;\nx.chocolate(); // ok!\n```\n"},"level":"error","spans":[{"file_name":"src/main.rs","byte_start":3338,"byte_end":3347,"line_start":111,"line_end":111,"column_start":15,"column_end":24,"is_primary":true,"text":[{"text":"        Self::from_repr(next_index).unwrap_or(self)","highlight_start":15,"highlight_end":24}],"label":"variant or associated item not found in `SelectedTab`","suggested_replacement":null,"suggestion_applicability":null,"expansion":null},{"file_name":"src/main.rs","byte_start":1547,"byte_end":1563,"line_start":51,"line_end":51,"column_start":1,"column_end":17,"is_primary":false,"text":[{"text":"enum SelectedTab {","highlight_start":1,"highlight_end":17}],"label":"variant or associated item `from_repr` not found for this enum","suggested_replacement":null,"suggestion_applicability":null,"expansion":null}],"children":[],"rendered":"\u001b[1m\u001b[91merror[E0599]\u001b[0m\u001b[1m: no variant or associated item named `from_repr` found for enum `SelectedTab` in the current scope\u001b[0m\n   \u001b[1m\u001b[94m--> \u001b[0msrc/main.rs:111:15\n    \u001b[1m\u001b[94m|\u001b[0m\n \u001b[1m\u001b[94m51\u001b[0m \u001b[1m\u001b[94m|\u001b[0m enum SelectedTab {\n    \u001b[1m\u001b[94m|\u001b[0m \u001b[1m\u001b[94m----------------\u001b[0m \u001b[1m\u001b[94mvariant or associated item `from_repr` not found for this enum\u001b[0m\n\u001b[1m\u001b[94m...\u001b[0m\n\u001b[1m\u001b[94m111\u001b[0m \u001b[1m\u001b[94m|\u001b[0m         Self::from_repr(next_index).unwrap_or(self)\n    \u001b[1m\u001b[94m|\u001b[0m               \u001b[1m\u001b[91m^^^^^^^^^\u001b[0m \u001b[1m\u001b[91mvariant or associated item not found in `SelectedTab`\u001b[0m\n\n"}
{"$message_type":"diagnostic","message":"no variant or associated item named `iter` found for enum `SelectedTab` in the current scope","code":{"code":"E0599","explanation":"This error occurs when a method is used on a type which doesn't implement it:\n\nErroneous code example:\n\n```compile_fail,E0599\nstruct Mouth;\n\nlet x = Mouth;\nx.chocolate(); // error: no method named `chocolate` found for type `Mouth`\n               //        in the current scope\n```\n\nIn this case, you need to implement the `chocolate` method to fix the error:\n\n```\nstruct Mouth;\n\nimpl Mouth {\n    fn chocolate(&self) { // We implement the `chocolate` method here.\n        println!(\"Hmmm! I love chocolate!\");\n    }\n}\n\nlet x = Mouth;\nx.chocolate(); // ok!\n```\n"},"level":"error","spans":[{"file_name":"src/main.rs","byte_start":4070,"byte_end":4074,"line_start":133,"line_end":133,"column_start":35,"column_end":39,"is_primary":true,"text":[{"text":"        let titles = SelectedTab::iter().map(SelectedTab::title);","highlight_start":35,"highlight_end":39}],"label":"variant or associated item not found in `SelectedTab`","suggested_replacement":null,"suggestion_applicability":null,"expansion":null},{"file_name":"src/main.rs","byte_start":1547,"byte_end":1563,"line_start":51,"line_end":51,"column_start":1,"column_end":17,"is_primary":false,"text":[{"text":"enum SelectedTab {","highlight_start":1,"highlight_end":17}],"label":"variant or associated item `iter` not found for this enum","suggested_replacement":null,"suggestion_applicability":null,"expansion":null}],"children":[{"message":"items from traits can only be used if the trait is implemented and in scope","code":null,"level":"help","spans":[],"children":[],"rendered":null},{"message":"the following traits define an item `iter`, perhaps you need to implement one of them:\ncandidate #1: `bitflags::traits::Flags`\ncandidate #2: `strum::IntoEnumIterator`\ncandidate #3: `strum::VariantIterator`","code":null,"level":"note","spans":[],"children":[],"rendered":null}],"rendered":"\u001b[1m\u001b[91merror[E0599]\u001b[0m\u001b[1m: no variant or associated item named `iter` found for enum `SelectedTab` in the current scope\u001b[0m\n   \u001b[1m\u001b[94m--> \u001b[0msrc/main.rs:133:35\n    \u001b[1m\u001b[94m|\u001b[0m\n \u001b[1m\u001b[94m51\u001b[0m \u001b[1m\u001b[94m|\u001b[0m enum SelectedTab {\n    \u001b[1m\u001b[94m|\u001b[0m \u001b[1m\u001b[94m----------------\u001b[0m \u001b[1m\u001b[94mvariant or associated item `iter` not found for this enum\u001b[0m\n\u001b[1m\u001b[94m...\u001b[0m\n\u001b[1m\u001b[94m133\u001b[0m \u001b[1m\u001b[94m|\u001b[0m         let titles = SelectedTab::iter().map(SelectedTab::title);\n    \u001b[1m\u001b[94m|\u001b[0m                                   \u001b[1m\u001b[91m^^^^\u001b[0m \u001b[1m\u001b[91mvariant or associated item not found in `SelectedTab`\u001b[0m\n    \u001b[1m\u001b[94m|\u001b[0m\n    \u001b[1m\u001b[94m= \u001b[0m\u001b[1mhelp\u001b[0m: items from traits can only be used if the trait is implemented and in scope\n    \u001b[1m\u001b[94m= \u001b[0m\u001b[1mnote\u001b[0m: the following traits define an item `iter`, perhaps you need to implement one of them:\n            candidate #1: `bitflags::traits::Flags`\n            candidate #2: `strum::IntoEnumIterator`\n            candidate #3: `strum::VariantIterator`\n\n"}
{"$message_type":"diagnostic","message":"`SelectedTab` doesn't implement `std::fmt::Display`","code":{"code":"E0277","explanation":"You tried to use a type which doesn't implement some trait in a place which\nexpected that trait.\n\nErroneous code example:\n\n```compile_fail,E0277\n// here we declare the Foo trait with a bar method\ntrait Foo {\n    fn bar(&self);\n}\n\n// we now declare a function which takes an object implementing the Foo trait\nfn some_func<T: Foo>(foo: T) {\n    foo.bar();\n}\n\nfn main() {\n    // we now call the method with the i32 type, which doesn't implement\n    // the Foo trait\n    some_func(5i32); // error: the trait bound `i32 : Foo` is not satisfied\n}\n```\n\nIn order to fix this error, verify that the type you're using does implement\nthe trait. Example:\n\n```\ntrait Foo {\n    fn bar(&self);\n}\n\n// we implement the trait on the i32 type\nimpl Foo for i32 {\n    fn bar(&self) {}\n}\n\nfn some_func<T: Foo>(foo: T) {\n    foo.bar(); // we can now use this method since i32 implements the\n               // Foo trait\n}\n\nfn main() {\n    some_func(5i32); // ok!\n}\n```\n\nOr in a generic context, an erroneous code example would look like:\n\n```compile_fail,E0277\nfn some_func<T>(foo: T) {\n    println!(\"{:?}\", foo); // error: the trait `core::fmt::Debug` is not\n                           //        implemented for the type `T`\n}\n\nfn main() {\n    // We now call the method with the i32 type,\n    // which *does* implement the Debug trait.\n    some_func(5i32);\n}\n```\n\nNote that the error here is in the definition of the generic function. Although\nwe only call it with a parameter that does implement `Debug`, the compiler\nstill rejects the function. It must work with all possible input types. In\norder to make this example compile, we need to restrict the generic type we're\naccepting:\n\n```\nuse std::fmt;\n\n// Restrict the input type to types that implement Debug.\nfn some_func<T: fmt::Debug>(foo: T) {\n    println!(\"{:?}\", foo);\n}\n\nfn main() {\n    // Calling the method is still fine, as i32 implements Debug.\n    some_func(5i32);\n\n    // This would fail to compile now:\n    // struct WithoutDebug;\n    // some_func(WithoutDebug);\n}\n```\n\nRust only looks at the signature of the called function, as such it must\nalready specify all requirements that will be used for every type parameter.\n"},"level":"error","spans":[{"file_name":"src/main.rs","byte_start":5236,"byte_end":5242,"line_start":170,"line_end":170,"column_start":20,"column_end":26,"is_primary":true,"text":[{"text":"        format!(\"  {self}  \")","highlight_start":20,"highlight_end":26}],"label":"`SelectedTab` cannot be formatted with the default formatter","suggested_replacement":null,"suggestion_applicability":null,"expansion":{"span":{"file_name":"/usr/src/debug/rust/rustc-1.93.0-src/library/alloc/src/macros.rs","byte_start":3921,"byte_end":3961,"line_start":108,"line_end":108,"column_start":33,"column_end":73,"is_primary":false,"text":[],"label":null,"suggested_replacement":null,"suggestion_applicability":null,"expansion":{"span":{"file_name":"/usr/src/debug/rust/rustc-1.93.0-src/library/alloc/src/macros.rs","byte_start":3921,"byte_end":3961,"line_start":108,"line_end":108,"column_start":33,"column_end":73,"is_primary":false,"text":[],"label":null,"suggested_replacement":null,"suggestion_applicability":null,"expansion":{"span":{"file_name":"src/main.rs","byte_start":5225,"byte_end":5246,"line_start":170,"line_end":170,"column_start":9,"column_end":30,"is_primary":false,"text":[{"text":"        format!(\"  {self}  \")","highlight_start":9,"highlight_end":30}],"label":null,"suggested_replacement":null,"suggestion_applicability":null,"expansion":null},"macro_decl_name":"format!","def_site_span":{"file_name":"/usr/src/debug/rust/rustc-1.93.0-src/library/alloc/src/macros.rs","byte_start":3807,"byte_end":3826,"line_start":105,"line_end":105,"column_start":1,"column_end":20,"is_primary":false,"text":[],"label":null,"suggested_replacement":null,"suggestion_applicability":null,"expansion":null}}},"macro_decl_name":"$crate::__export::format_args!","def_site_span":{"file_name":"/usr/src/debug/rust/rustc-1.93.0-src/library/core/src/macros/mod.rs","byte_start":34951,"byte_end":34975,"line_start":997,"line_end":997,"column_start":5,"column_end":29,"is_primary":false,"text":[],"label":null,"suggested_replacement":null,"suggestion_applicability":null,"expansion":null}}},"macro_decl_name":"desugaring of format string literal","def_site_span":{"file_name":"src/main.rs","byte_start":0,"byte_end":0,"line_start":1,"line_end":1,"column_start":1,"column_end":1,"is_primary":false,"text":[],"label":null,"suggested_replacement":null,"suggestion_applicability":null,"expansion":null}}}],"children":[{"message":"the trait `std::fmt::Display` is not implemented for `SelectedTab`","code":null,"level":"help","spans":[{"file_name":"src/main.rs","byte_start":1547,"byte_end":1563,"line_start":51,"line_end":51,"column_start":1,"column_end":17,"is_primary":true,"text":[{"text":"enum SelectedTab {","highlight_start":1,"highlight_end":17}],"label":null,"suggested_replacement":null,"suggestion_applicability":null,"expansion":null}],"children":[],"rendered":null},{"message":"in format strings you may be able to use `{:?}` (or {:#?} for pretty-print) instead","code":null,"level":"note","spans":[],"children":[],"rendered":null}],"rendered":"\u001b[1m\u001b[91merror[E0277]\u001b[0m\u001b[1m: `SelectedTab` doesn't implement `std::fmt::Display`\u001b[0m\n   \u001b[1m\u001b[94m--> \u001b[0msrc/main.rs:170:20\n    \u001b[1m\u001b[94m|\u001b[0m\n\u001b[1m\u001b[94m170\u001b[0m \u001b[1m\u001b[94m|\u001b[0m         format!(\"  {self}  \")\n    \u001b[1m\u001b[94m|\u001b[0m                    \u001b[1m\u001b[91m^^^^^^\u001b[0m \u001b[1m\u001b[91m`SelectedTab` cannot be formatted with the default formatter\u001b[0m\n    \u001b[1m\u001b[94m|\u001b[0m\n\u001b[1m\u001b[96mhelp\u001b[0m: the trait `std::fmt::Display` is not implemented for `SelectedTab`\n   \u001b[1m\u001b[94m--> \u001b[0msrc/main.rs:51:1\n    \u001b[1m\u001b[94m|\u001b[0m\n \u001b[1m\u001b[94m51\u001b[0m \u001b[1m\u001b[94m|\u001b[0m enum SelectedTab {\n    \u001b[1m\u001b[94m|\u001b[0m \u001b[1m\u001b[96m^^^^^^^^^^^^^^^^\u001b[0m\n    \u001b[1m\u001b[94m= \u001b[0m\u001b[1mnote\u001b[0m: in format strings you may be able to use `{:?}` (or {:#?} for pretty-print) instead\n    \u001b[1m\u001b[94m= \u001b[0m\u001b[1mnote\u001b[0m: this error originates in the macro `$crate::__export::format_args` which comes from the expansion of the macro `format` (in Nightly builds, run with -Z macro-backtrace for more info)\n\n"}
{"$message_type":"diagnostic","message":"aborting due to 9 previous errors","code":null,"level":"error","spans":[],"children":[],"rendered":"\u001b[1m\u001b[91merror\u001b[0m\u001b[1m: aborting due to 9 previous errors\u001b[0m\n\n"}
{"$message_type":"diagnostic","message":"Some errors have detailed explanations: E0277, E0432, E0599.","code":null,"level":"failure-note","spans":[],"children":[],"rendered":"\u001b[1mSome errors have detailed explanations: E0277, E0432, E0599.\u001b[0m\n"}
{"$message_type":"diagnostic","message":"For more information about an error, try `rustc --explain E0277`.","code":null,"level":"failure-note","spans":[],"children":[],"rendered":"\u001b[1mFor more information about an error, try `rustc --explain E0277`.\u001b[0m\n"}
